d=369 c=1 @ Sun Sep 01 16:33:00 2024 -0400
d=369 c=1 @ Sun Sep 01 20:33:00 2024 -0400
d=10 c=1 @ Tue Aug 26 18:07:00 2025 -0400
d=10 c=4 @ Tue Aug 26 18:07:00 2025 -0400
d=5 c=1 @ Sun Aug 31 10:07:00 2025 -0400
d=4 c=4 @ Mon Sep 01 15:44:00 2025 -0400
d=2 c=2 @ Wed Sep 03 12:33:00 2025 -0400
d=2 c=5 @ Wed Sep 03 11:44:00 2025 -0400
d=1 c=1 @ Thu Sep 04 19:44:00 2025 -0400
d=1 c=3 @ Thu Sep 04 10:07:00 2025 -0400
d=1 c=4 @ Thu Sep 04 18:07:00 2025 -0400
d=1 c=6 @ Thu Sep 04 10:07:00 2025 -0400
d=369 c=8 @ Sun Sep 01 18:07:00 2024 -0400
d=368 c=1 @ Mon Sep 02 14:07:00 2024 -0400
d=367 c=2 @ Tue Sep 03 16:33:00 2024 -0400
d=366 c=1 @ Wed Sep 04 12:33:00 2024 -0400
d=366 c=4 @ Wed Sep 04 10:07:00 2024 -0400
d=366 c=5 @ Wed Sep 04 16:33:00 2024 -0400
d=366 c=7 @ Wed Sep 04 20:33:00 2024 -0400
d=365 c=1 @ Thu Sep 05 16:33:00 2024 -0400
d=365 c=4 @ Thu Sep 05 14:07:00 2024 -0400
d=364 c=3 @ Fri Sep 06 20:33:00 2024 -0400
d=363 c=1 @ Sat Sep 07 14:07:00 2024 -0400
d=363 c=3 @ Sat Sep 07 16:33:00 2024 -0400
d=362 c=2 @ Sun Sep 08 12:33:00 2024 -0400
d=361 c=2 @ Mon Sep 09 12:33:00 2024 -0400
d=360 c=2 @ Tue Sep 10 20:33:00 2024 -0400
d=359 c=1 @ Wed Sep 11 16:33:00 2024 -0400
d=359 c=6 @ Wed Sep 11 16:33:00 2024 -0400
d=358 c=1 @ Thu Sep 12 14:07:00 2024 -0400
d=358 c=2 @ Thu Sep 12 19:44:00 2024 -0400
d=357 c=1 @ Fri Sep 13 10:07:00 2024 -0400
d=356 c=2 @ Sat Sep 14 20:33:00 2024 -0400
d=356 c=4 @ Sat Sep 14 14:07:00 2024 -0400
d=356 c=6 @ Sat Sep 14 16:33:00 2024 -0400
d=356 c=7 @ Sat Sep 14 14:07:00 2024 -0400
d=352 c=2 @ Wed Sep 18 11:44:00 2024 -0400
d=352 c=4 @ Wed Sep 18 12:33:00 2024 -0400
d=352 c=6 @ Wed Sep 18 15:44:00 2024 -0400
d=352 c=7 @ Wed Sep 18 12:33:00 2024 -0400
d=350 c=2 @ Fri Sep 20 12:33:00 2024 -0400
d=350 c=3 @ Fri Sep 20 19:44:00 2024 -0400
d=350 c=5 @ Fri Sep 20 11:44:00 2024 -0400
d=349 c=1 @ Sat Sep 21 19:44:00 2024 -0400
d=349 c=8 @ Sat Sep 21 19:44:00 2024 -0400
d=348 c=1 @ Sun Sep 22 14:07:00 2024 -0400
d=347 c=1 @ Mon Sep 23 10:07:00 2024 -0400
d=346 c=3 @ Tue Sep 24 18:07:00 2024 -0400
d=346 c=4 @ Tue Sep 24 14:07:00 2024 -0400
d=346 c=5 @ Tue Sep 24 10:07:00 2024 -0400
d=345 c=2 @ Wed Sep 25 20:33:00 2024 -0400
d=344 c=1 @ Thu Sep 26 11:44:00 2024 -0400
